<?xml version="1.0" encoding="UTF-8"?>
<!-- Generated by org.testng.reporters.JUnitReportReporter -->
<testsuite skipped="0" hostname="LAPTOP-SG6SD2IU" name="com.fleetanddepot.Testcases.FleetandDeport" tests="1" failures="0" timestamp="2021-09-26T17:49:27 IST" time="14.652" errors="0">
  <testcase name="FleetandDepot" time="14.652" classname="com.fleetanddepot.Testcases.FleetandDeport"/>
  <system-out/>
</testsuite> <!-- com.fleetanddepot.Testcases.FleetandDeport -->
